<?xml version="1.0" encoding="UTF-8"?>
<testng-results ignored="0" total="1" passed="1" failed="0" skipped="0">
  <reporter-output>
  </reporter-output>
  <suite started-at="2023-05-17T10:32:27 IST" name="Default suite" finished-at="2023-05-17T10:32:31 IST" duration-ms="4252">
    <groups>
    </groups>
    <test started-at="2023-05-17T10:32:27 IST" name="Default test" finished-at="2023-05-17T10:32:31 IST" duration-ms="4252">
      <class name="demo.TrelloAPI">
        <test-method signature="CreateBoard()[pri:0, instance:demo.TrelloAPI@1ab3a8c8]" started-at="2023-05-17T10:32:27 IST" name="CreateBoard" finished-at="2023-05-17T10:32:31 IST" duration-ms="4177" status="PASS">
          <reporter-output>
          </reporter-output>
        </test-method> <!-- CreateBoard -->
      </class> <!-- demo.TrelloAPI -->
    </test> <!-- Default test -->
  </suite> <!-- Default suite -->
</testng-results>
